<?xml version="1.0" encoding="UTF-8" ?>
<testsuite failures="0" time="0.493" errors="1" skipped="0" tests="1" name="com.learntogether.user.boundary.UserSessionBeanTest">
  <properties>
[...]
</properties>
  <testcase time="0.493" classname="com.learntogether.user.boundary.UserSessionBeanTest" name="testGetCustomerDTO">
    <error message="Falscher Benutzer Name oder Passwort
Wrong user name or password [28000-193]" type="org.h2.jdbc.JdbcSQLException">org.h2.jdbc.JdbcSQLException: Falscher Benutzer Name oder Passwort
Wrong user name or password [28000-193]
	at org.h2.message.DbException.getJdbcSQLException(DbException.java:345)
	at org.h2.message.DbException.get(DbException.java:179)
	at org.h2.message.DbException.get(DbException.java:155)
	at org.h2.message.DbException.get(DbException.java:144)
	at org.h2.engine.Engine.validateUserAndPassword(Engine.java:336)
	at org.h2.engine.Engine.createSessionAndValidate(Engine.java:162)
	at org.h2.engine.Engine.createSession(Engine.java:137)
	at org.h2.engine.Engine.createSession(Engine.java:27)
	at org.h2.engine.SessionRemote.connectEmbeddedOrServer(SessionRemote.java:349)
	at org.h2.jdbc.JdbcConnection.&lt;init&gt;(JdbcConnection.java:115)
	at org.h2.jdbc.JdbcConnection.&lt;init&gt;(JdbcConnection.java:99)
	at org.h2.Driver.connect(Driver.java:69)
	at java.sql.DriverManager.getConnection(Unknown Source)
	at java.sql.DriverManager.getConnection(Unknown Source)
	at com.bmw.cs.test.dbunit.connect.DbConnector.getJdbcConnection(DbConnector.java:97)
	at com.bmw.cs.test.dbunit.connect.DbConnector.getDBConnection(DbConnector.java:77)
	at com.bmw.cs.test.dbunit.FlatXmlImporter.loadData(FlatXmlImporter.java:63)
	at com.learntogether.user.boundary.UserSessionBeanTest.setUp(UserSessionBeanTest.java:46)
	at sun.reflect.NativeMethodAccessorImpl.invoke0(Native Method)
	at sun.reflect.NativeMethodAccessorImpl.invoke(Unknown Source)
	at sun.reflect.DelegatingMethodAccessorImpl.invoke(Unknown Source)
	at java.lang.reflect.Method.invoke(Unknown Source)
	at org.junit.runners.model.FrameworkMethod$1.runReflectiveCall(FrameworkMethod.java:50)
	at org.junit.internal.runners.model.ReflectiveCallable.run(ReflectiveCallable.java:12)
	at org.junit.runners.model.FrameworkMethod.invokeExplosively(FrameworkMethod.java:47)
	at org.junit.internal.runners.statements.RunBefores.evaluate(RunBefores.java:24)
	at org.junit.internal.runners.statements.RunAfters.evaluate(RunAfters.java:27)
	at org.junit.runners.ParentRunner.runLeaf(ParentRunner.java:325)
	at org.junit.runners.BlockJUnit4ClassRunner.runChild(BlockJUnit4ClassRunner.java:78)
	at org.junit.runners.BlockJUnit4ClassRunner.runChild(BlockJUnit4ClassRunner.java:57)
	at org.junit.runners.ParentRunner$3.run(ParentRunner.java:290)
	at org.junit.runners.ParentRunner$1.schedule(ParentRunner.java:71)
	at org.junit.runners.ParentRunner.runChildren(ParentRunner.java:288)
	at org.junit.runners.ParentRunner.access$000(ParentRunner.java:58)
	at org.junit.runners.ParentRunner$2.evaluate(ParentRunner.java:268)
	at org.junit.runners.ParentRunner.run(ParentRunner.java:363)
	at org.apache.maven.surefire.junit4.JUnit4Provider.execute(JUnit4Provider.java:252)
	at org.apache.maven.surefire.junit4.JUnit4Provider.executeTestSet(JUnit4Provider.java:141)
	at org.apache.maven.surefire.junit4.JUnit4Provider.invoke(JUnit4Provider.java:112)
	at sun.reflect.NativeMethodAccessorImpl.invoke0(Native Method)
	at sun.reflect.NativeMethodAccessorImpl.invoke(Unknown Source)
	at sun.reflect.DelegatingMethodAccessorImpl.invoke(Unknown Source)
	at java.lang.reflect.Method.invoke(Unknown Source)
	at org.apache.maven.surefire.util.ReflectionUtils.invokeMethodWithArray(ReflectionUtils.java:189)
	at org.apache.maven.surefire.booter.ProviderFactory$ProviderProxy.invoke(ProviderFactory.java:165)
	at org.apache.maven.surefire.booter.ProviderFactory.invokeProvider(ProviderFactory.java:85)
	at org.apache.maven.surefire.booter.ForkedBooter.runSuitesInProcess(ForkedBooter.java:115)
	at org.apache.maven.surefire.booter.ForkedBooter.main(ForkedBooter.java:75)
</error>
    <system-out>[EL Warning]: transaction: 2017-04-05 18:43:53.005--ServerSession(1205789719)--PersistenceUnitInfo h2-unit-test has transactionType RESOURCE_LOCAL and therefore jtaDataSource will be ignored
[EL Info]: 2017-04-05 18:43:53.005--ServerSession(1205789719)--EclipseLink, version: Eclipse Persistence Services - 2.4.2.v20130514-5956486
[EL Info]: connection: 2017-04-05 18:43:53.165--ServerSession(1205789719)--file:/C:/ANU/learn2gether/learn-parent/ejb/target/classes/_h2-unit-test login successful
[EL Info]: connection: 2017-04-05 18:43:53.498--ServerSession(1205789719)--file:/C:/ANU/learn2gether/learn-parent/ejb/target/classes/_h2-unit-test logout successful
</system-out>
    <system-err>log4j:WARN No appenders could be found for logger (org.dbunit.dataset.xml.FlatXmlDataSetBuilder).
log4j:WARN Please initialize the log4j system properly.
log4j:WARN See http://logging.apache.org/log4j/1.2/faq.html#noconfig for more info.
</system-err>
  </testcase>
</testsuite>